CRITICAL - 2025-09-07 16:40:17 --> Error: Class "App\Models\SaleModel" not found
[Method: GET, Route: sales/data]
in APPPATH/Controllers/Sales.php on line 19.
 1 SYSTEMPATH/CodeIgniter.php(933): App\Controllers\Sales->data()
 2 SYSTEMPATH/CodeIgniter.php(507): CodeIgniter\CodeIgniter->runController(Object(App\Controllers\Sales))
 3 SYSTEMPATH/CodeIgniter.php(354): CodeIgniter\CodeIgniter->handleRequest(null, Object(Config\Cache), false)
 4 SYSTEMPATH/Boot.php(363): CodeIgniter\CodeIgniter->run()
 5 SYSTEMPATH/Boot.php(68): CodeIgniter\Boot::runCodeIgniter(Object(CodeIgniter\CodeIgniter))
 6 FCPATH/index.php(59): CodeIgniter\Boot::bootWeb(Object(Config\Paths))
 7 SYSTEMPATH/rewrite.php(44): require_once('/home/dumjahe/Documents/Project/Forgejo-Client/RF-Snippets/codeigniter-4-snippets/rf-codeigniter-4-chart-js-integration/rf-codeigniter-4-chart-js-integration-src/public/index.php')
ERROR - 2025-09-07 16:40:18 --> SQLite3Exception: Unable to prepare statement: no such table: products in /home/dumjahe/Documents/Project/Forgejo-Client/RF-Snippets/codeigniter-4-snippets/rf-codeigniter-4-chart-js-integration/rf-codeigniter-4-chart-js-integration-src/system/Database/SQLite3/Connection.php:176
Stack trace:
#0 /home/dumjahe/Documents/Project/Forgejo-Client/RF-Snippets/codeigniter-4-snippets/rf-codeigniter-4-chart-js-integration/rf-codeigniter-4-chart-js-integration-src/system/Database/SQLite3/Connection.php(176): SQLite3->query('SELECT `categor...')
#1 /home/dumjahe/Documents/Project/Forgejo-Client/RF-Snippets/codeigniter-4-snippets/rf-codeigniter-4-chart-js-integration/rf-codeigniter-4-chart-js-integration-src/system/Database/BaseConnection.php(729): CodeIgniter\Database\SQLite3\Connection->execute('SELECT `categor...')
#2 /home/dumjahe/Documents/Project/Forgejo-Client/RF-Snippets/codeigniter-4-snippets/rf-codeigniter-4-chart-js-integration/rf-codeigniter-4-chart-js-integration-src/system/Database/BaseConnection.php(646): CodeIgniter\Database\BaseConnection->simpleQuery('SELECT `categor...')
#3 /home/dumjahe/Documents/Project/Forgejo-Client/RF-Snippets/codeigniter-4-snippets/rf-codeigniter-4-chart-js-integration/rf-codeigniter-4-chart-js-integration-src/system/Database/BaseBuilder.php(1649): CodeIgniter\Database\BaseConnection->query('SELECT `categor...', Array, false)
#4 /home/dumjahe/Documents/Project/Forgejo-Client/RF-Snippets/codeigniter-4-snippets/rf-codeigniter-4-chart-js-integration/rf-codeigniter-4-chart-js-integration-src/system/Model.php(286): CodeIgniter\Database\BaseBuilder->get()
#5 /home/dumjahe/Documents/Project/Forgejo-Client/RF-Snippets/codeigniter-4-snippets/rf-codeigniter-4-chart-js-integration/rf-codeigniter-4-chart-js-integration-src/system/BaseModel.php(677): CodeIgniter\Model->doFindAll(0, 0)
#6 /home/dumjahe/Documents/Project/Forgejo-Client/RF-Snippets/codeigniter-4-snippets/rf-codeigniter-4-chart-js-integration/rf-codeigniter-4-chart-js-integration-src/app/Models/ProductModel.php(28): CodeIgniter\BaseModel->findAll()
#7 /home/dumjahe/Documents/Project/Forgejo-Client/RF-Snippets/codeigniter-4-snippets/rf-codeigniter-4-chart-js-integration/rf-codeigniter-4-chart-js-integration-src/app/Controllers/Sales.php(50): App\Models\ProductModel->getCategorySummary()
#8 /home/dumjahe/Documents/Project/Forgejo-Client/RF-Snippets/codeigniter-4-snippets/rf-codeigniter-4-chart-js-integration/rf-codeigniter-4-chart-js-integration-src/system/CodeIgniter.php(933): App\Controllers\Sales->categoryData()
#9 /home/dumjahe/Documents/Project/Forgejo-Client/RF-Snippets/codeigniter-4-snippets/rf-codeigniter-4-chart-js-integration/rf-codeigniter-4-chart-js-integration-src/system/CodeIgniter.php(507): CodeIgniter\CodeIgniter->runController(Object(App\Controllers\Sales))
#10 /home/dumjahe/Documents/Project/Forgejo-Client/RF-Snippets/codeigniter-4-snippets/rf-codeigniter-4-chart-js-integration/rf-codeigniter-4-chart-js-integration-src/system/CodeIgniter.php(354): CodeIgniter\CodeIgniter->handleRequest(NULL, Object(Config\Cache), false)
#11 /home/dumjahe/Documents/Project/Forgejo-Client/RF-Snippets/codeigniter-4-snippets/rf-codeigniter-4-chart-js-integration/rf-codeigniter-4-chart-js-integration-src/system/Boot.php(363): CodeIgniter\CodeIgniter->run()
#12 /home/dumjahe/Documents/Project/Forgejo-Client/RF-Snippets/codeigniter-4-snippets/rf-codeigniter-4-chart-js-integration/rf-codeigniter-4-chart-js-integration-src/system/Boot.php(68): CodeIgniter\Boot::runCodeIgniter(Object(CodeIgniter\CodeIgniter))
#13 /home/dumjahe/Documents/Project/Forgejo-Client/RF-Snippets/codeigniter-4-snippets/rf-codeigniter-4-chart-js-integration/rf-codeigniter-4-chart-js-integration-src/public/index.php(59): CodeIgniter\Boot::bootWeb(Object(Config\Paths))
#14 /home/dumjahe/Documents/Project/Forgejo-Client/RF-Snippets/codeigniter-4-snippets/rf-codeigniter-4-chart-js-integration/rf-codeigniter-4-chart-js-integration-src/system/rewrite.php(44): require_once('/home/dumjahe/D...')
#15 {main}
CRITICAL - 2025-09-07 16:40:18 --> CodeIgniter\Database\Exceptions\DatabaseException: Unable to prepare statement: no such table: products
[Method: GET, Route: sales/categoryData]
in SYSTEMPATH/Database/BaseConnection.php on line 684.
 1 SYSTEMPATH/Database/BaseBuilder.php(1649): CodeIgniter\Database\BaseConnection->query('SELECT `category`, SUM(amount) as total
FROM `products`
GROUP BY `category`
ORDER BY `category` ASC', [], false)
 2 SYSTEMPATH/Model.php(286): CodeIgniter\Database\BaseBuilder->get()
 3 SYSTEMPATH/BaseModel.php(677): CodeIgniter\Model->doFindAll(0, 0)
 4 APPPATH/Models/ProductModel.php(28): CodeIgniter\BaseModel->findAll()
 5 APPPATH/Controllers/Sales.php(50): App\Models\ProductModel->getCategorySummary()
 6 SYSTEMPATH/CodeIgniter.php(933): App\Controllers\Sales->categoryData()
 7 SYSTEMPATH/CodeIgniter.php(507): CodeIgniter\CodeIgniter->runController(Object(App\Controllers\Sales))
 8 SYSTEMPATH/CodeIgniter.php(354): CodeIgniter\CodeIgniter->handleRequest(null, Object(Config\Cache), false)
 9 SYSTEMPATH/Boot.php(363): CodeIgniter\CodeIgniter->run()
10 SYSTEMPATH/Boot.php(68): CodeIgniter\Boot::runCodeIgniter(Object(CodeIgniter\CodeIgniter))
11 FCPATH/index.php(59): CodeIgniter\Boot::bootWeb(Object(Config\Paths))
12 SYSTEMPATH/rewrite.php(44): require_once('/home/dumjahe/Documents/Project/Forgejo-Client/RF-Snippets/codeigniter-4-snippets/rf-codeigniter-4-chart-js-integration/rf-codeigniter-4-chart-js-integration-src/public/index.php')
CRITICAL - 2025-09-07 16:40:18 --> [Caused by] CodeIgniter\Database\Exceptions\DatabaseException: Unable to prepare statement: no such table: products
in SYSTEMPATH/Database/SQLite3/Connection.php on line 181.
 1 SYSTEMPATH/Database/BaseConnection.php(729): CodeIgniter\Database\SQLite3\Connection->execute('SELECT `category`, SUM(amount) as total
FROM `products`
GROUP BY `category`
ORDER BY `category` ASC')
 2 SYSTEMPATH/Database/BaseConnection.php(646): CodeIgniter\Database\BaseConnection->simpleQuery('SELECT `category`, SUM(amount) as total
FROM `products`
GROUP BY `category`
ORDER BY `category` ASC')
 3 SYSTEMPATH/Database/BaseBuilder.php(1649): CodeIgniter\Database\BaseConnection->query('SELECT `category`, SUM(amount) as total
FROM `products`
GROUP BY `category`
ORDER BY `category` ASC', [], false)
 4 SYSTEMPATH/Model.php(286): CodeIgniter\Database\BaseBuilder->get()
 5 SYSTEMPATH/BaseModel.php(677): CodeIgniter\Model->doFindAll(0, 0)
 6 APPPATH/Models/ProductModel.php(28): CodeIgniter\BaseModel->findAll()
 7 APPPATH/Controllers/Sales.php(50): App\Models\ProductModel->getCategorySummary()
 8 SYSTEMPATH/CodeIgniter.php(933): App\Controllers\Sales->categoryData()
 9 SYSTEMPATH/CodeIgniter.php(507): CodeIgniter\CodeIgniter->runController(Object(App\Controllers\Sales))
10 SYSTEMPATH/CodeIgniter.php(354): CodeIgniter\CodeIgniter->handleRequest(null, Object(Config\Cache), false)
11 SYSTEMPATH/Boot.php(363): CodeIgniter\CodeIgniter->run()
12 SYSTEMPATH/Boot.php(68): CodeIgniter\Boot::runCodeIgniter(Object(CodeIgniter\CodeIgniter))
13 FCPATH/index.php(59): CodeIgniter\Boot::bootWeb(Object(Config\Paths))
14 SYSTEMPATH/rewrite.php(44): require_once('/home/dumjahe/Documents/Project/Forgejo-Client/RF-Snippets/codeigniter-4-snippets/rf-codeigniter-4-chart-js-integration/rf-codeigniter-4-chart-js-integration-src/public/index.php')
CRITICAL - 2025-09-07 16:40:18 --> [Caused by] SQLite3Exception: Unable to prepare statement: no such table: products
in SYSTEMPATH/Database/SQLite3/Connection.php on line 176.
 1 SYSTEMPATH/Database/SQLite3/Connection.php(176): SQLite3->query('SELECT `category`, SUM(amount) as total
FROM `products`
GROUP BY `category`
ORDER BY `category` ASC')
 2 SYSTEMPATH/Database/BaseConnection.php(729): CodeIgniter\Database\SQLite3\Connection->execute('SELECT `category`, SUM(amount) as total
FROM `products`
GROUP BY `category`
ORDER BY `category` ASC')
 3 SYSTEMPATH/Database/BaseConnection.php(646): CodeIgniter\Database\BaseConnection->simpleQuery('SELECT `category`, SUM(amount) as total
FROM `products`
GROUP BY `category`
ORDER BY `category` ASC')
 4 SYSTEMPATH/Database/BaseBuilder.php(1649): CodeIgniter\Database\BaseConnection->query('SELECT `category`, SUM(amount) as total
FROM `products`
GROUP BY `category`
ORDER BY `category` ASC', [], false)
 5 SYSTEMPATH/Model.php(286): CodeIgniter\Database\BaseBuilder->get()
 6 SYSTEMPATH/BaseModel.php(677): CodeIgniter\Model->doFindAll(0, 0)
 7 APPPATH/Models/ProductModel.php(28): CodeIgniter\BaseModel->findAll()
 8 APPPATH/Controllers/Sales.php(50): App\Models\ProductModel->getCategorySummary()
 9 SYSTEMPATH/CodeIgniter.php(933): App\Controllers\Sales->categoryData()
10 SYSTEMPATH/CodeIgniter.php(507): CodeIgniter\CodeIgniter->runController(Object(App\Controllers\Sales))
11 SYSTEMPATH/CodeIgniter.php(354): CodeIgniter\CodeIgniter->handleRequest(null, Object(Config\Cache), false)
12 SYSTEMPATH/Boot.php(363): CodeIgniter\CodeIgniter->run()
13 SYSTEMPATH/Boot.php(68): CodeIgniter\Boot::runCodeIgniter(Object(CodeIgniter\CodeIgniter))
14 FCPATH/index.php(59): CodeIgniter\Boot::bootWeb(Object(Config\Paths))
15 SYSTEMPATH/rewrite.php(44): require_once('/home/dumjahe/Documents/Project/Forgejo-Client/RF-Snippets/codeigniter-4-snippets/rf-codeigniter-4-chart-js-integration/rf-codeigniter-4-chart-js-integration-src/public/index.php')
CRITICAL - 2025-09-07 16:43:58 --> Error: Class "App\Models\SaleModel" not found
[Method: GET, Route: sales/data]
in APPPATH/Controllers/Sales.php on line 19.
 1 SYSTEMPATH/CodeIgniter.php(933): App\Controllers\Sales->data()
 2 SYSTEMPATH/CodeIgniter.php(507): CodeIgniter\CodeIgniter->runController(Object(App\Controllers\Sales))
 3 SYSTEMPATH/CodeIgniter.php(354): CodeIgniter\CodeIgniter->handleRequest(null, Object(Config\Cache), false)
 4 SYSTEMPATH/Boot.php(363): CodeIgniter\CodeIgniter->run()
 5 SYSTEMPATH/Boot.php(68): CodeIgniter\Boot::runCodeIgniter(Object(CodeIgniter\CodeIgniter))
 6 FCPATH/index.php(59): CodeIgniter\Boot::bootWeb(Object(Config\Paths))
 7 SYSTEMPATH/rewrite.php(44): require_once('/home/dumjahe/Documents/Project/Forgejo-Client/RF-Snippets/codeigniter-4-snippets/rf-codeigniter-4-chart-js-integration/rf-codeigniter-4-chart-js-integration-src/public/index.php')
CRITICAL - 2025-09-07 16:46:50 --> Error: Class "App\Models\SaleModel" not found
[Method: GET, Route: sales/data]
in APPPATH/Controllers/Sales.php on line 19.
 1 SYSTEMPATH/CodeIgniter.php(933): App\Controllers\Sales->data()
 2 SYSTEMPATH/CodeIgniter.php(507): CodeIgniter\CodeIgniter->runController(Object(App\Controllers\Sales))
 3 SYSTEMPATH/CodeIgniter.php(354): CodeIgniter\CodeIgniter->handleRequest(null, Object(Config\Cache), false)
 4 SYSTEMPATH/Boot.php(363): CodeIgniter\CodeIgniter->run()
 5 SYSTEMPATH/Boot.php(68): CodeIgniter\Boot::runCodeIgniter(Object(CodeIgniter\CodeIgniter))
 6 FCPATH/index.php(59): CodeIgniter\Boot::bootWeb(Object(Config\Paths))
 7 SYSTEMPATH/rewrite.php(44): require_once('/home/dumjahe/Documents/Project/Forgejo-Client/RF-Snippets/codeigniter-4-snippets/rf-codeigniter-4-chart-js-integration/rf-codeigniter-4-chart-js-integration-src/public/index.php')
CRITICAL - 2025-09-07 16:48:17 --> Error: Class "App\Models\SaleModel" not found
[Method: GET, Route: sales/data]
in APPPATH/Controllers/Sales.php on line 19.
 1 SYSTEMPATH/CodeIgniter.php(933): App\Controllers\Sales->data()
 2 SYSTEMPATH/CodeIgniter.php(507): CodeIgniter\CodeIgniter->runController(Object(App\Controllers\Sales))
 3 SYSTEMPATH/CodeIgniter.php(354): CodeIgniter\CodeIgniter->handleRequest(null, Object(Config\Cache), false)
 4 SYSTEMPATH/Boot.php(363): CodeIgniter\CodeIgniter->run()
 5 SYSTEMPATH/Boot.php(68): CodeIgniter\Boot::runCodeIgniter(Object(CodeIgniter\CodeIgniter))
 6 FCPATH/index.php(59): CodeIgniter\Boot::bootWeb(Object(Config\Paths))
 7 SYSTEMPATH/rewrite.php(44): require_once('/home/dumjahe/Documents/Project/Forgejo-Client/RF-Snippets/codeigniter-4-snippets/rf-codeigniter-4-chart-js-integration/rf-codeigniter-4-chart-js-integration-src/public/index.php')
CRITICAL - 2025-09-07 16:48:51 --> Error: Class "App\Models\SaleModel" not found
[Method: GET, Route: sales/data]
in APPPATH/Controllers/Sales.php on line 19.
 1 SYSTEMPATH/CodeIgniter.php(933): App\Controllers\Sales->data()
 2 SYSTEMPATH/CodeIgniter.php(507): CodeIgniter\CodeIgniter->runController(Object(App\Controllers\Sales))
 3 SYSTEMPATH/CodeIgniter.php(354): CodeIgniter\CodeIgniter->handleRequest(null, Object(Config\Cache), false)
 4 SYSTEMPATH/Boot.php(363): CodeIgniter\CodeIgniter->run()
 5 SYSTEMPATH/Boot.php(68): CodeIgniter\Boot::runCodeIgniter(Object(CodeIgniter\CodeIgniter))
 6 FCPATH/index.php(59): CodeIgniter\Boot::bootWeb(Object(Config\Paths))
 7 SYSTEMPATH/rewrite.php(44): require_once('/home/dumjahe/Documents/Project/Forgejo-Client/RF-Snippets/codeigniter-4-snippets/rf-codeigniter-4-chart-js-integration/rf-codeigniter-4-chart-js-integration-src/public/index.php')
CRITICAL - 2025-09-07 16:51:24 --> TypeError: App\Controllers\Home::index(): Return value must be of type string, CodeIgniter\HTTP\RedirectResponse returned
[Method: GET, Route: /]
in APPPATH/Controllers/Home.php on line 9.
 1 SYSTEMPATH/CodeIgniter.php(933): App\Controllers\Home->index()
 2 SYSTEMPATH/CodeIgniter.php(507): CodeIgniter\CodeIgniter->runController(Object(App\Controllers\Home))
 3 SYSTEMPATH/CodeIgniter.php(354): CodeIgniter\CodeIgniter->handleRequest(null, Object(Config\Cache), false)
 4 SYSTEMPATH/Boot.php(363): CodeIgniter\CodeIgniter->run()
 5 SYSTEMPATH/Boot.php(68): CodeIgniter\Boot::runCodeIgniter(Object(CodeIgniter\CodeIgniter))
 6 FCPATH/index.php(59): CodeIgniter\Boot::bootWeb(Object(Config\Paths))
 7 SYSTEMPATH/rewrite.php(44): require_once('/home/dumjahe/Documents/Project/Forgejo-Client/RF-Snippets/codeigniter-4-snippets/rf-codeigniter-4-chart-js-integration/rf-codeigniter-4-chart-js-integration-src/public/index.php')
CRITICAL - 2025-09-07 16:51:40 --> TypeError: App\Controllers\Home::index(): Return value must be of type string, CodeIgniter\HTTP\RedirectResponse returned
[Method: GET, Route: /]
in APPPATH/Controllers/Home.php on line 9.
 1 SYSTEMPATH/CodeIgniter.php(933): App\Controllers\Home->index()
 2 SYSTEMPATH/CodeIgniter.php(507): CodeIgniter\CodeIgniter->runController(Object(App\Controllers\Home))
 3 SYSTEMPATH/CodeIgniter.php(354): CodeIgniter\CodeIgniter->handleRequest(null, Object(Config\Cache), false)
 4 SYSTEMPATH/Boot.php(363): CodeIgniter\CodeIgniter->run()
 5 SYSTEMPATH/Boot.php(68): CodeIgniter\Boot::runCodeIgniter(Object(CodeIgniter\CodeIgniter))
 6 FCPATH/index.php(59): CodeIgniter\Boot::bootWeb(Object(Config\Paths))
 7 SYSTEMPATH/rewrite.php(44): require_once('/home/dumjahe/Documents/Project/Forgejo-Client/RF-Snippets/codeigniter-4-snippets/rf-codeigniter-4-chart-js-integration/rf-codeigniter-4-chart-js-integration-src/public/index.php')
